<?xml version="1.0" encoding="UTF-8"?>
<!-- Generated by org.testng.reporters.JUnitReportReporter -->
<testsuite hostname="DESKTOP-8GQ3KA3" failures="0" tests="2" name="runner.TestNGRunner" time="46.080" errors="0" timestamp="2022-11-01T10:06:40 IST" skipped="0">
  <testcase classname="runner.TestNGRunner" name="runScenario" time="20.296"/>
  <system-out/>
  <testcase classname="runner.TestNGRunner" name="runScenario" time="25.784"/>
  <system-out/>
</testsuite> <!-- runner.TestNGRunner -->
